<?xml version="1.0" encoding="UTF-8"?>
<!-- Generated by org.testng.reporters.JUnitXMLReporter -->
<testsuite ignored="0" hostname="LAP721PER-Amans-MacBook-Air.local" failures="0" tests="13" name="Default test" time="0.306" errors="0" timestamp="2025-02-28T18:04:03 IST">
  <testcase classname="selenium_6.Assignment1" name="@BeforeClass setUp" time="0.119">
    <failure type="org.openqa.selenium.remote.NoSuchDriverException" message="Unable to obtain: chromedriver, error chromedriver must exist: /Users/amaan/eclipse-workspace/selenium6/path/to/chromedriver
For documentation on this error, please visit: https://www.selenium.dev/documentation/webdriver/troubleshooting/errors/driver_location/
Build info: version: &amp;apos;4.20.0&amp;apos;, revision: &amp;apos;866c76ca80&amp;apos;
System info: os.name: &amp;apos;Mac OS X&amp;apos;, os.arch: &amp;apos;x86_64&amp;apos;, os.version: &amp;apos;15.3.1&amp;apos;, java.version: &amp;apos;17.0.7&amp;apos;
Driver info: driver.version: ChromeDriver">
      <![CDATA[org.openqa.selenium.remote.NoSuchDriverException: Unable to obtain: chromedriver, error chromedriver must exist: /Users/amaan/eclipse-workspace/selenium6/path/to/chromedriver
For documentation on this error, please visit: https://www.selenium.dev/documentation/webdriver/troubleshooting/errors/driver_location/
Build info: version: '4.20.0', revision: '866c76ca80'
System info: os.name: 'Mac OS X', os.arch: 'x86_64', os.version: '15.3.1', java.version: '17.0.7'
Driver info: driver.version: ChromeDriver
at org.openqa.selenium.remote.service.DriverFinder.getBinaryPaths(DriverFinder.java:121)
at org.openqa.selenium.remote.service.DriverFinder.getDriverPath(DriverFinder.java:55)
at org.openqa.selenium.chrome.ChromeDriver.generateExecutor(ChromeDriver.java:99)
at org.openqa.selenium.chrome.ChromeDriver.<init>(ChromeDriver.java:88)
at org.openqa.selenium.chrome.ChromeDriver.<init>(ChromeDriver.java:83)
at org.openqa.selenium.chrome.ChromeDriver.<init>(ChromeDriver.java:51)
at selenium_6.Assignment1.setUp(Assignment1.java:21)
at java.base/jdk.internal.reflect.NativeMethodAccessorImpl.invoke0(Native Method)
at java.base/jdk.internal.reflect.NativeMethodAccessorImpl.invoke(NativeMethodAccessorImpl.java:77)
at java.base/jdk.internal.reflect.DelegatingMethodAccessorImpl.invoke(DelegatingMethodAccessorImpl.java:43)
at java.base/java.lang.reflect.Method.invoke(Method.java:568)
at org.testng.internal.invokers.MethodInvocationHelper.invokeMethod(MethodInvocationHelper.java:141)
at org.testng.internal.invokers.MethodInvocationHelper.invokeMethodConsideringTimeout(MethodInvocationHelper.java:71)
at org.testng.internal.invokers.ConfigInvoker.invokeConfigurationMethod(ConfigInvoker.java:400)
at org.testng.internal.invokers.ConfigInvoker.invokeConfigurations(ConfigInvoker.java:333)
at org.testng.internal.invokers.TestMethodWorker.invokeBeforeClassMethods(TestMethodWorker.java:188)
at org.testng.internal.invokers.TestMethodWorker.run(TestMethodWorker.java:128)
at java.base/java.util.ArrayList.forEach(ArrayList.java:1511)
at org.testng.TestRunner.privateRun(TestRunner.java:739)
at org.testng.TestRunner.run(TestRunner.java:614)
at org.testng.SuiteRunner.runTest(SuiteRunner.java:421)
at org.testng.SuiteRunner.runSequentially(SuiteRunner.java:413)
at org.testng.SuiteRunner.privateRun(SuiteRunner.java:373)
at org.testng.SuiteRunner.run(SuiteRunner.java:312)
at org.testng.SuiteRunnerWorker.runSuite(SuiteRunnerWorker.java:52)
at org.testng.SuiteRunnerWorker.run(SuiteRunnerWorker.java:95)
at org.testng.TestNG.runSuitesSequentially(TestNG.java:1274)
at org.testng.TestNG.runSuitesLocally(TestNG.java:1208)
at org.testng.TestNG.runSuites(TestNG.java:1112)
at org.testng.TestNG.run(TestNG.java:1079)
at org.testng.remote.AbstractRemoteTestNG.run(AbstractRemoteTestNG.java:115)
at org.testng.remote.RemoteTestNG.initAndRun(RemoteTestNG.java:293)
at org.testng.remote.RemoteTestNG.main(RemoteTestNG.java:91)
Caused by: java.lang.IllegalStateException: chromedriver must exist: /Users/amaan/eclipse-workspace/selenium6/path/to/chromedriver
at org.openqa.selenium.internal.Require$FileStateChecker.isFile(Require.java:346)
at org.openqa.selenium.internal.Require$FileStateChecker.isExecutable(Require.java:368)
at org.openqa.selenium.remote.service.DriverFinder.getBinaryPaths(DriverFinder.java:118)
... 32 more
]]>
    </failure>
  </testcase> <!-- @BeforeClass setUp -->
  <testcase classname="selenium_6.Assignment1" name="@AfterClass tearDown" time="0.0">
    <skipped/>
  </testcase> <!-- @AfterClass tearDown -->
  <testcase classname="selenium_6.Assignment1" name="testAdminDashboard" time="0.0">
    <skipped/>
  </testcase> <!-- testAdminDashboard -->
  <testcase classname="selenium_6.Assignment1" name="testCertificateGeneration" time="0.0">
    <skipped/>
  </testcase> <!-- testCertificateGeneration -->
  <testcase classname="selenium_6.Assignment1" name="testCourseCompletionTracking" time="0.0">
    <skipped/>
  </testcase> <!-- testCourseCompletionTracking -->
  <testcase classname="selenium_6.Assignment1" name="testCourseEnrollment" time="0.0">
    <skipped/>
  </testcase> <!-- testCourseEnrollment -->
  <testcase classname="selenium_6.Assignment1" name="testInvalidLogin" time="0.0">
    <skipped/>
  </testcase> <!-- testInvalidLogin -->
  <testcase classname="selenium_6.Assignment1" name="testLeaderboardUpdates" time="0.0">
    <skipped/>
  </testcase> <!-- testLeaderboardUpdates -->
  <testcase classname="selenium_6.Assignment1" name="testLogoutFunctionality" time="0.0">
    <skipped/>
  </testcase> <!-- testLogoutFunctionality -->
  <testcase classname="selenium_6.Assignment1" name="testPasswordReset" time="0.0">
    <skipped/>
  </testcase> <!-- testPasswordReset -->
  <testcase classname="selenium_6.Assignment1" name="testQuizFunctionality" time="0.0">
    <skipped/>
  </testcase> <!-- testQuizFunctionality -->
  <testcase classname="selenium_6.Assignment1" name="testUserProfileUpdate" time="0.0">
    <skipped/>
  </testcase> <!-- testUserProfileUpdate -->
  <testcase classname="selenium_6.Assignment1" name="testUserRegistration" time="0.001">
    <skipped/>
  </testcase> <!-- testUserRegistration -->
  <testcase classname="selenium_6.Assignment1" name="testValidLogin" time="0.0">
    <skipped/>
  </testcase> <!-- testValidLogin -->
  <testcase classname="selenium_6.Assignment1" name="testVideoPlayback" time="0.0">
    <skipped/>
  </testcase> <!-- testVideoPlayback -->
</testsuite> <!-- Default test -->
