<?xml version="1.0" encoding="UTF-8"?>
<!-- Generated by org.testng.reporters.JUnitReportReporter -->
<testsuite hostname="LAP721PER-Amans-MacBook-Air.local" failures="0" tests="21" name="selenium_6.Assignment2Way" time="0.103" errors="1" timestamp="2025-02-28T12:11:55 IST" skipped="20">
  <testcase classname="selenium_6.Assignment2Way" name="setup" time="0.101">
    <error message="Unable to obtain: chromedriver, error chromedriver must exist: /Users/amaan/eclipse-workspace/selenium6/path/to/chromedriver
For documentation on this error, please visit: https://www.selenium.dev/documentation/webdriver/troubleshooting/errors/driver_location/
Build info: version: &#039;4.20.0&#039;, revision: &#039;866c76ca80&#039;
System info: os.name: &#039;Mac OS X&#039;, os.arch: &#039;x86_64&#039;, os.version: &#039;15.3.1&#039;, java.version: &#039;17.0.7&#039;
Driver info: driver.version: ChromeDriver" type="org.openqa.selenium.remote.NoSuchDriverException">
      <![CDATA[org.openqa.selenium.remote.NoSuchDriverException: Unable to obtain: chromedriver, error chromedriver must exist: /Users/amaan/eclipse-workspace/selenium6/path/to/chromedriver
For documentation on this error, please visit: https://www.selenium.dev/documentation/webdriver/troubleshooting/errors/driver_location/
Build info: version: '4.20.0', revision: '866c76ca80'
System info: os.name: 'Mac OS X', os.arch: 'x86_64', os.version: '15.3.1', java.version: '17.0.7'
Driver info: driver.version: ChromeDriver
at org.openqa.selenium.remote.service.DriverFinder.getBinaryPaths(DriverFinder.java:121)
at org.openqa.selenium.remote.service.DriverFinder.getDriverPath(DriverFinder.java:55)
at org.openqa.selenium.chrome.ChromeDriver.generateExecutor(ChromeDriver.java:99)
at org.openqa.selenium.chrome.ChromeDriver.<init>(ChromeDriver.java:88)
at org.openqa.selenium.chrome.ChromeDriver.<init>(ChromeDriver.java:83)
at org.openqa.selenium.chrome.ChromeDriver.<init>(ChromeDriver.java:72)
at selenium_6.Assignment2Way.setup(Assignment2Way.java:23)
at java.base/jdk.internal.reflect.NativeMethodAccessorImpl.invoke0(Native Method)
at java.base/jdk.internal.reflect.NativeMethodAccessorImpl.invoke(NativeMethodAccessorImpl.java:77)
at java.base/jdk.internal.reflect.DelegatingMethodAccessorImpl.invoke(DelegatingMethodAccessorImpl.java:43)
at java.base/java.lang.reflect.Method.invoke(Method.java:568)
at org.testng.internal.invokers.MethodInvocationHelper.invokeMethod(MethodInvocationHelper.java:141)
at org.testng.internal.invokers.MethodInvocationHelper.invokeMethodConsideringTimeout(MethodInvocationHelper.java:71)
at org.testng.internal.invokers.ConfigInvoker.invokeConfigurationMethod(ConfigInvoker.java:400)
at org.testng.internal.invokers.ConfigInvoker.invokeConfigurations(ConfigInvoker.java:333)
at org.testng.internal.invokers.TestMethodWorker.invokeBeforeClassMethods(TestMethodWorker.java:188)
at org.testng.internal.invokers.TestMethodWorker.run(TestMethodWorker.java:128)
at java.base/java.util.ArrayList.forEach(ArrayList.java:1511)
at org.testng.TestRunner.privateRun(TestRunner.java:739)
at org.testng.TestRunner.run(TestRunner.java:614)
at org.testng.SuiteRunner.runTest(SuiteRunner.java:421)
at org.testng.SuiteRunner.runSequentially(SuiteRunner.java:413)
at org.testng.SuiteRunner.privateRun(SuiteRunner.java:373)
at org.testng.SuiteRunner.run(SuiteRunner.java:312)
at org.testng.SuiteRunnerWorker.runSuite(SuiteRunnerWorker.java:52)
at org.testng.SuiteRunnerWorker.run(SuiteRunnerWorker.java:95)
at org.testng.TestNG.runSuitesSequentially(TestNG.java:1274)
at org.testng.TestNG.runSuitesLocally(TestNG.java:1208)
at org.testng.TestNG.runSuites(TestNG.java:1112)
at org.testng.TestNG.run(TestNG.java:1079)
at org.testng.remote.AbstractRemoteTestNG.run(AbstractRemoteTestNG.java:115)
at org.testng.remote.RemoteTestNG.initAndRun(RemoteTestNG.java:293)
at org.testng.remote.RemoteTestNG.main(RemoteTestNG.java:91)
Caused by: java.lang.IllegalStateException: chromedriver must exist: /Users/amaan/eclipse-workspace/selenium6/path/to/chromedriver
at org.openqa.selenium.internal.Require$FileStateChecker.isFile(Require.java:346)
at org.openqa.selenium.internal.Require$FileStateChecker.isExecutable(Require.java:368)
at org.openqa.selenium.remote.service.DriverFinder.getBinaryPaths(DriverFinder.java:118)
... 32 more
]]>
    </error>
  </testcase> <!-- setup -->
  <testcase classname="selenium_6.Assignment2Way" name="testUserRegistration" time="0.000">
    <skipped/>
  </testcase> <!-- testUserRegistration -->
  <testcase classname="selenium_6.Assignment2Way" name="testValidLogin" time="0.000">
    <skipped/>
  </testcase> <!-- testValidLogin -->
  <testcase classname="selenium_6.Assignment2Way" name="testInvalidLogin" time="0.000">
    <skipped/>
  </testcase> <!-- testInvalidLogin -->
  <testcase classname="selenium_6.Assignment2Way" name="testPasswordReset" time="0.000">
    <skipped/>
  </testcase> <!-- testPasswordReset -->
  <testcase classname="selenium_6.Assignment2Way" name="testCourseEnrollment" time="0.001">
    <skipped/>
  </testcase> <!-- testCourseEnrollment -->
  <testcase classname="selenium_6.Assignment2Way" name="testCourseCompletion" time="0.000">
    <skipped/>
  </testcase> <!-- testCourseCompletion -->
  <testcase classname="selenium_6.Assignment2Way" name="testCertificateGeneration" time="0.000">
    <skipped/>
  </testcase> <!-- testCertificateGeneration -->
  <testcase classname="selenium_6.Assignment2Way" name="testVideoPlayback" time="0.000">
    <skipped/>
  </testcase> <!-- testVideoPlayback -->
  <testcase classname="selenium_6.Assignment2Way" name="testQuizFunctionality" time="0.000">
    <skipped/>
  </testcase> <!-- testQuizFunctionality -->
  <testcase classname="selenium_6.Assignment2Way" name="testLeaderboardUpdates" time="0.000">
    <skipped/>
  </testcase> <!-- testLeaderboardUpdates -->
  <testcase classname="selenium_6.Assignment2Way" name="testAdminDashboard" time="0.000">
    <skipped/>
  </testcase> <!-- testAdminDashboard -->
  <testcase classname="selenium_6.Assignment2Way" name="testProfileUpdate" time="0.000">
    <skipped/>
  </testcase> <!-- testProfileUpdate -->
  <testcase classname="selenium_6.Assignment2Way" name="testNotifications" time="0.000">
    <skipped/>
  </testcase> <!-- testNotifications -->
  <testcase classname="selenium_6.Assignment2Way" name="testMobileResponsiveness" time="0.001">
    <skipped/>
  </testcase> <!-- testMobileResponsiveness -->
  <testcase classname="selenium_6.Assignment2Way" name="testDiscussionForum" time="0.000">
    <skipped/>
  </testcase> <!-- testDiscussionForum -->
  <testcase classname="selenium_6.Assignment2Way" name="testFileUpload" time="0.000">
    <skipped/>
  </testcase> <!-- testFileUpload -->
  <testcase classname="selenium_6.Assignment2Way" name="testLogout" time="0.000">
    <skipped/>
  </testcase> <!-- testLogout -->
  <testcase classname="selenium_6.Assignment2Way" name="testSessionTimeout" time="0.000">
    <skipped/>
  </testcase> <!-- testSessionTimeout -->
  <testcase classname="selenium_6.Assignment2Way" name="testAccessibility" time="0.000">
    <skipped/>
  </testcase> <!-- testAccessibility -->
  <testcase classname="selenium_6.Assignment2Way" name="testPaymentGateway" time="0.000">
    <skipped/>
  </testcase> <!-- testPaymentGateway -->
</testsuite> <!-- selenium_6.Assignment2Way -->
